<?xml version="1.0" encoding="UTF-8"?>
<!-- Generated by org.testng.reporters.JUnitReportReporter -->
<testsuite hostname="IN-PG02NME2" failures="0" tests="2" name="tests.SearchingTests" time="22.487" errors="0" timestamp="2024-02-13T21:17:23 IST" skipped="0">
  <testcase classname="tests.SearchingTests" name="verifySearch" time="11.665"/>
  <system-out/>
  <testcase classname="tests.SearchingTests" name="verifySearch" time="10.822"/>
  <system-out/>
</testsuite> <!-- tests.SearchingTests -->
