<?xml version="1.0" encoding="UTF-8"?>
<!-- Generated by org.testng.reporters.JUnitReportReporter -->
<testsuite hostname="IN-PG02NME2" failures="0" tests="2" name="tests.SearchingTests" time="26.918" errors="0" timestamp="2024-02-15T23:13:12 IST" skipped="0">
  <testcase classname="tests.SearchingTests" name="verifySearch" time="15.958"/>
  <system-out/>
  <testcase classname="tests.SearchingTests" name="verifySearch" time="10.960"/>
  <system-out/>
</testsuite> <!-- tests.SearchingTests -->
