<?xml version="1.0" encoding="UTF-8"?>
<!-- Generated by org.testng.reporters.JUnitReportReporter -->
<testsuite hostname="IN-PG02NME2" failures="0" tests="2" name="tests.SearchingTests" time="20.405" errors="0" timestamp="2024-02-14T21:11:30 IST" skipped="0">
  <testcase classname="tests.SearchingTests" name="verifySearch" time="10.652"/>
  <system-out/>
  <testcase classname="tests.SearchingTests" name="verifySearch" time="9.753"/>
  <system-out/>
</testsuite> <!-- tests.SearchingTests -->
