<?xml version="1.0" encoding="UTF-8"?>
<!-- Generated by org.testng.reporters.JUnitReportReporter -->
<testsuite hostname="IN-PG02NME2" failures="0" tests="2" name="tests.SortingTests" time="23.368" errors="0" timestamp="2024-02-14T23:14:52 IST" skipped="0">
  <testcase classname="tests.SortingTests" name="sortingLowToHighPrice" time="11.942"/>
  <system-out/>
  <testcase classname="tests.SortingTests" name="sortingLowToHighPrice" time="11.426"/>
  <system-out/>
</testsuite> <!-- tests.SortingTests -->
